<?xml version="1.0" encoding="ISO-8859-1"?>
<configuration
   xmlns:xsi="http://www.w3.org/2001/XMLSchema-instance"
   xsi:schemaLocation="http://www.exoplatform.org/xml/ns/kernel_1_2.xsd http://www.exoplatform.org/xml/ns/kernel_1_2.xsd"
   xmlns="http://www.exoplaform.org/xml/ns/kernel_1_1.xsd">
	<component>
		<type>org.exoplatform.commons.info.ProductInformations</type>
		<init-params>
			<value-param>
				<name>product.versions.declaration.file</name>
				<value>classpath:/conf/product_new.properties</value>
			</value-param>
		</init-params>
	</component>
	<import>classpath:/conf/jcr/test-jcr-configuration.xml</import>
</configuration>