<?xml version="1.0" encoding="ISO-8859-1"?>
<configuration xmlns:xsi="http://www.w3.org/2001/XMLSchema-instance" xsi:schemaLocation="http://www.exoplaform.org/xml/ns/kernel_1_1.xsd http://www.exoplaform.org/xml/ns/kernel_1_1.xsd" xmlns="http://www.exoplaform.org/xml/ns/kernel_1_1.xsd">
	<component>
		<key>org.exoplatform.component.product.ProductInformations</key>
		<type>org.exoplatform.platform.upgrade.test.MockProductInformations</type>
	</component>
	<import>classpath:/conf/jcr/test-jcr-configuration.xml</import>
</configuration>